# JRE version: Java(TM) SE Runtime Environment (8.0_60-b27) (build 1.8.0_60-b27)
# Java VM: Java HotSpot(TM) 64-Bit Server VM (25.60-b23 mixed mode windows-amd64 compressed oops)
Heap:
 PSYoungGen      total 239104K, used 95085K [0x00000000eab00000, 0x0000000100000000, 0x0000000100000000)
  eden space 227840K, 41% used [0x00000000eab00000,0x00000000f07db440,0x00000000f8980000)
  from space 11264K, 0% used [0x00000000f8980000,0x00000000f8980000,0x00000000f9480000)
  to   space 10752K, 0% used [0x00000000ff580000,0x00000000ff580000,0x0000000100000000)
 ParOldGen       total 66560K, used 21389K [0x00000000c0000000, 0x00000000c4100000, 0x00000000eab00000)
  object space 66560K, 32% used [0x00000000c0000000,0x00000000c14e37e8,0x00000000c4100000)
 Metaspace       used 40915K, capacity 42220K, committed 42328K, reserved 1085440K
  class space    used 5468K, capacity 5961K, committed 5976K, reserved 1048576K
GC Heap History (10 events):
Event: 16.158 GC heap before
{Heap before GC invocations=13 (full 1):
 PSYoungGen      total 105472K, used 95968K [0x00000000eab00000, 0x00000000f5080000, 0x0000000100000000)
  eden space 95232K, 100% used [0x00000000eab00000,0x00000000f0800000,0x00000000f0800000)
  from space 10240K, 7% used [0x00000000f0800000,0x00000000f08b8020,0x00000000f1200000)
  to   space 10240K, 0% used [0x00000000f4680000,0x00000000f4680000,0x00000000f5080000)
 ParOldGen       total 45056K, used 11131K [0x00000000c0000000, 0x00000000c2c00000, 0x00000000eab00000)
  object space 45056K, 24% used [0x00000000c0000000,0x00000000c0adee90,0x00000000c2c00000)
 Metaspace       used 25290K, capacity 26044K, committed 26240K, reserved 1071104K
  class space    used 3308K, capacity 3593K, committed 3712K, reserved 1048576K
Event: 16.164 GC heap after
Heap after GC invocations=13 (full 1):
 PSYoungGen      total 158208K, used 6019K [0x00000000eab00000, 0x00000000f5000000, 0x0000000100000000)
  eden space 148480K, 0% used [0x00000000eab00000,0x00000000eab00000,0x00000000f3c00000)
  from space 9728K, 61% used [0x00000000f4680000,0x00000000f4c60d78,0x00000000f5000000)
  to   space 10240K, 0% used [0x00000000f3c00000,0x00000000f3c00000,0x00000000f4600000)
 ParOldGen       total 45056K, used 11755K [0x00000000c0000000, 0x00000000c2c00000, 0x00000000eab00000)
  object space 45056K, 26% used [0x00000000c0000000,0x00000000c0b7aef0,0x00000000c2c00000)
 Metaspace       used 25290K, capacity 26044K, committed 26240K, reserved 1071104K
  class space    used 3308K, capacity 3593K, committed 3712K, reserved 1048576K
}
Event: 18.017 GC heap before
{Heap before GC invocations=14 (full 1):
 PSYoungGen      total 158208K, used 154499K [0x00000000eab00000, 0x00000000f5000000, 0x0000000100000000)
  eden space 148480K, 100% used [0x00000000eab00000,0x00000000f3c00000,0x00000000f3c00000)
  from space 9728K, 61% used [0x00000000f4680000,0x00000000f4c60d78,0x00000000f5000000)
  to   space 10240K, 0% used [0x00000000f3c00000,0x00000000f3c00000,0x00000000f4600000)
 ParOldGen       total 45056K, used 11755K [0x00000000c0000000, 0x00000000c2c00000, 0x00000000eab00000)
  object space 45056K, 26% used [0x00000000c0000000,0x00000000c0b7aef0,0x00000000c2c00000)
 Metaspace       used 29251K, capacity 30274K, committed 30336K, reserved 1075200K
  class space    used 3820K, capacity 4184K, committed 4224K, reserved 1048576K
Event: 18.026 GC heap after
Heap after GC invocations=14 (full 1):
 PSYoungGen      total 158720K, used 4350K [0x00000000eab00000, 0x00000000f9e00000, 0x0000000100000000)
  eden space 148480K, 0% used [0x00000000eab00000,0x00000000eab00000,0x00000000f3c00000)
  from space 10240K, 42% used [0x00000000f3c00000,0x00000000f403fb28,0x00000000f4600000)
  to   space 9728K, 0% used [0x00000000f9480000,0x00000000f9480000,0x00000000f9e00000)
 ParOldGen       total 45056K, used 16159K [0x00000000c0000000, 0x00000000c2c00000, 0x00000000eab00000)
  object space 45056K, 35% used [0x00000000c0000000,0x00000000c0fc7d18,0x00000000c2c00000)
 Metaspace       used 29251K, capacity 30274K, committed 30336K, reserved 1075200K
  class space    used 3820K, capacity 4184K, committed 4224K, reserved 1048576K
}
Event: 19.814 GC heap before
{Heap before GC invocations=15 (full 1):
 PSYoungGen      total 158720K, used 152830K [0x00000000eab00000, 0x00000000f9e00000, 0x0000000100000000)
  eden space 148480K, 100% used [0x00000000eab00000,0x00000000f3c00000,0x00000000f3c00000)
  from space 10240K, 42% used [0x00000000f3c00000,0x00000000f403fb28,0x00000000f4600000)
  to   space 9728K, 0% used [0x00000000f9480000,0x00000000f9480000,0x00000000f9e00000)
 ParOldGen       total 45056K, used 16159K [0x00000000c0000000, 0x00000000c2c00000, 0x00000000eab00000)
  object space 45056K, 35% used [0x00000000c0000000,0x00000000c0fc7d18,0x00000000c2c00000)
 Metaspace       used 34026K, capacity 35226K, committed 35416K, reserved 1079296K
  class space    used 4458K, capacity 4888K, committed 4952K, reserved 1048576K
Event: 19.822 GC heap after
Heap after GC invocations=15 (full 1):
 PSYoungGen      total 237568K, used 8472K [0x00000000eab00000, 0x00000000f9f80000, 0x0000000100000000)
  eden space 227840K, 0% used [0x00000000eab00000,0x00000000eab00000,0x00000000f8980000)
  from space 9728K, 87% used [0x00000000f9480000,0x00000000f9cc60c0,0x00000000f9e00000)
  to   space 11264K, 0% used [0x00000000f8980000,0x00000000f8980000,0x00000000f9480000)
 ParOldGen       total 45056K, used 17860K [0x00000000c0000000, 0x00000000c2c00000, 0x00000000eab00000)
  object space 45056K, 39% used [0x00000000c0000000,0x00000000c1171390,0x00000000c2c00000)
 Metaspace       used 34026K, capacity 35226K, committed 35416K, reserved 1079296K
  class space    used 4458K, capacity 4888K, committed 4952K, reserved 1048576K
}
Event: 19.869 GC heap before
{Heap before GC invocations=16 (full 1):
 PSYoungGen      total 237568K, used 17518K [0x00000000eab00000, 0x00000000f9f80000, 0x0000000100000000)
  eden space 227840K, 3% used [0x00000000eab00000,0x00000000eb3d5b10,0x00000000f8980000)
  from space 9728K, 87% used [0x00000000f9480000,0x00000000f9cc60c0,0x00000000f9e00000)
  to   space 11264K, 0% used [0x00000000f8980000,0x00000000f8980000,0x00000000f9480000)
 ParOldGen       total 45056K, used 17860K [0x00000000c0000000, 0x00000000c2c00000, 0x00000000eab00000)
  object space 45056K, 39% used [0x00000000c0000000,0x00000000c1171390,0x00000000c2c00000)
 Metaspace       used 34152K, capacity 35298K, committed 35416K, reserved 1079296K
  class space    used 4471K, capacity 4892K, committed 4952K, reserved 1048576K
Event: 19.876 GC heap after
Heap after GC invocations=16 (full 1):
 PSYoungGen      total 239104K, used 1203K [0x00000000eab00000, 0x0000000100000000, 0x0000000100000000)
  eden space 227840K, 0% used [0x00000000eab00000,0x00000000eab00000,0x00000000f8980000)
  from space 11264K, 10% used [0x00000000f8980000,0x00000000f8aacf40,0x00000000f9480000)
  to   space 10752K, 0% used [0x00000000ff580000,0x00000000ff580000,0x0000000100000000)
 ParOldGen       total 45056K, used 22418K [0x00000000c0000000, 0x00000000c2c00000, 0x00000000eab00000)
  object space 45056K, 49% used [0x00000000c0000000,0x00000000c15e4a00,0x00000000c2c00000)
 Metaspace       used 34152K, capacity 35298K, committed 35416K, reserved 1079296K
  class space    used 4471K, capacity 4892K, committed 4952K, reserved 1048576K
}
Event: 19.876 GC heap before
{Heap before GC invocations=17 (full 2):
 PSYoungGen      total 239104K, used 1203K [0x00000000eab00000, 0x0000000100000000, 0x0000000100000000)
  eden space 227840K, 0% used [0x00000000eab00000,0x00000000eab00000,0x00000000f8980000)
  from space 11264K, 10% used [0x00000000f8980000,0x00000000f8aacf40,0x00000000f9480000)
  to   space 10752K, 0% used [0x00000000ff580000,0x00000000ff580000,0x0000000100000000)
 ParOldGen       total 45056K, used 22418K [0x00000000c0000000, 0x00000000c2c00000, 0x00000000eab00000)
  object space 45056K, 49% used [0x00000000c0000000,0x00000000c15e4a00,0x00000000c2c00000)
 Metaspace       used 34152K, capacity 35298K, committed 35416K, reserved 1079296K
  class space    used 4471K, capacity 4892K, committed 4952K, reserved 1048576K
Event: 19.981 GC heap after
Heap after GC invocations=17 (full 2):
 PSYoungGen      total 239104K, used 0K [0x00000000eab00000, 0x0000000100000000, 0x0000000100000000)
  eden space 227840K, 0% used [0x00000000eab00000,0x00000000eab00000,0x00000000f8980000)
  from space 11264K, 0% used [0x00000000f8980000,0x00000000f8980000,0x00000000f9480000)
  to   space 10752K, 0% used [0x00000000ff580000,0x00000000ff580000,0x0000000100000000)
 ParOldGen       total 66560K, used 21389K [0x00000000c0000000, 0x00000000c4100000, 0x00000000eab00000)
  object space 66560K, 32% used [0x00000000c0000000,0x00000000c14e37e8,0x00000000c4100000)
 Metaspace       used 34152K, capacity 35298K, committed 35416K, reserved 1079296K
  class space    used 4471K, capacity 4892K, committed 4952K, reserved 1048576K
}

